<?xml version="1.0" encoding="UTF-8"?>
<!-- Generated by org.testng.reporters.JUnitXMLReporter -->
<testsuite ignored="0" hostname="5CD2188LZT" failures="0" tests="8" name="Test" time="32.9" errors="0" timestamp="2026-01-28T18:59:50 IST">
  <testcase classname="org.automation.qa.LoginTest" name="EDT003_BlankFeilds" time="0.534"/>
  <testcase classname="org.automation.qa.LoginTest" name="EDT004_SpecialCharacter" time="0.754"/>
  <testcase classname="org.automation.qa.LoginTest" name="EDT005_LongCharacter" time="0.704"/>
  <testcase classname="org.automation.qa.LoginTest" name="FT001_Valid_Credentials" time="0.612"/>
  <testcase classname="org.automation.qa.LoginTest" name="FT002_Invalid_Credentials" time="0.64"/>
  <testcase classname="org.automation.qa.LoginTest" name="ST_CSS_XSScripting" time="0.62"/>
  <testcase classname="org.automation.qa.LoginTest" name="ST_HTTPSEnforcement" time="0.788"/>
  <testcase classname="org.automation.qa.LoginTest" name="ST_SQLInjection" time="0.597"/>
</testsuite> <!-- Test -->
