<?xml version="1.0" encoding="UTF-8"?>
<!-- Generated by org.testng.reporters.JUnitXMLReporter -->
<testsuite ignored="0" hostname="5CD2188LZT" failures="0" tests="8" name="Test" time="56.61" errors="0" timestamp="2026-01-21T19:53:36 IST">
  <testcase classname="org.automation.qa.LoginTest" name="EDT003_BlankFeilds" time="0.849"/>
  <testcase classname="org.automation.qa.LoginTest" name="EDT004_SpecialCharacter" time="1.186"/>
  <testcase classname="org.automation.qa.LoginTest" name="EDT005_LongCharacter" time="1.279"/>
  <testcase classname="org.automation.qa.LoginTest" name="FT001_Valid_Credentials" time="1.93"/>
  <testcase classname="org.automation.qa.LoginTest" name="FT002_Invalid_Credentials" time="1.083"/>
  <testcase classname="org.automation.qa.LoginTest" name="ST_CSS_XSScripting" time="1.277"/>
  <testcase classname="org.automation.qa.LoginTest" name="ST_HTTPSEnforcement" time="1.438"/>
  <testcase classname="org.automation.qa.LoginTest" name="ST_SQLInjection" time="2.757"/>
</testsuite> <!-- Test -->
