<?xml version="1.0" encoding="UTF-8"?>
<testsuite xmlns:xsi="http://www.w3.org/2001/XMLSchema-instance" xsi:noNamespaceSchemaLocation="https://maven.apache.org/surefire/maven-surefire-plugin/xsd/surefire-test-report-3.0.xsd" version="3.0" name="TestSuite" time="60.288" tests="8" errors="0" skipped="0" failures="0">
  <properties>
[...]
</properties>
  <testcase name="EDT003_BlankFeilds" classname="org.automation.qa.LoginTest" time="0.849">
    <system-err><![CDATA[SLF4J(W): No SLF4J providers were found.
SLF4J(W): Defaulting to no-operation (NOP) logger implementation
SLF4J(W): See https://www.slf4j.org/codes.html#noProviders for further details.
]]></system-err>
  </testcase>
  <testcase name="EDT004_SpecialCharacter" classname="org.automation.qa.LoginTest" time="1.182"/>
  <testcase name="EDT005_LongCharacter" classname="org.automation.qa.LoginTest" time="1.28"/>
  <testcase name="FT001_Valid_Credentials" classname="org.automation.qa.LoginTest" time="1.931"/>
  <testcase name="FT002_Invalid_Credentials" classname="org.automation.qa.LoginTest" time="1.083"/>
  <testcase name="ST_CSS_XSScripting" classname="org.automation.qa.LoginTest" time="1.277"/>
  <testcase name="ST_HTTPSEnforcement" classname="org.automation.qa.LoginTest" time="1.439"/>
  <testcase name="ST_SQLInjection" classname="org.automation.qa.LoginTest" time="2.757"/>
</testsuite>