<?xml version="1.0" encoding="UTF-8"?>
<testng-results ignored="0" total="1" passed="1" failed="0" skipped="0">
  <reporter-output>
  </reporter-output>
  <suite started-at="2026-02-02T20:31:37 IST" name="Default suite" finished-at="2026-02-02T20:31:40 IST" duration-ms="2711">
    <groups>
    </groups>
    <test started-at="2026-02-02T20:31:37 IST" name="Default test" finished-at="2026-02-02T20:31:40 IST" duration-ms="2711">
      <class name="org.automation.qa.Test2">
        <test-method signature="Test1()[pri:0, instance:org.automation.qa.Test2@4009e306]" started-at="2026-02-02T20:31:37 IST" name="Test1" finished-at="2026-02-02T20:31:40 IST" duration-ms="2662" status="PASS">
          <reporter-output>
          </reporter-output>
        </test-method> <!-- Test1 -->
      </class> <!-- org.automation.qa.Test2 -->
    </test> <!-- Default test -->
  </suite> <!-- Default suite -->
</testng-results>
