<?xml version="1.0" encoding="UTF-8"?>
<!-- Generated by org.testng.reporters.JUnitReportReporter -->
<testsuite hostname="5CD2188LZT" failures="0" tests="8" name="org.automation.qa.LoginTest" time="30.228" errors="0" timestamp="2026-01-28T19:13:19 IST" skipped="0">
  <testcase classname="org.automation.qa.LoginTest" name="ST_SQLInjection" time="5.469"/>
  <testcase classname="org.automation.qa.LoginTest" name="EDT005_LongCharacter" time="3.581"/>
  <testcase classname="org.automation.qa.LoginTest" name="FT001_Valid_Credentials" time="3.795"/>
  <testcase classname="org.automation.qa.LoginTest" name="EDT004_SpecialCharacter" time="3.392"/>
  <testcase classname="org.automation.qa.LoginTest" name="EDT003_BlankFeilds" time="3.254"/>
  <testcase classname="org.automation.qa.LoginTest" name="ST_CSS_XSScripting" time="3.664"/>
  <testcase classname="org.automation.qa.LoginTest" name="ST_HTTPSEnforcement" time="3.158"/>
  <testcase classname="org.automation.qa.LoginTest" name="FT002_Invalid_Credentials" time="3.915"/>
</testsuite> <!-- org.automation.qa.LoginTest -->
