<?xml version="1.0" encoding="UTF-8"?>
<!-- Generated by org.testng.reporters.JUnitReportReporter -->
<testsuite hostname="5CD2188LZT" failures="0" tests="8" name="org.automation.qa.LoginTest" time="56.514" errors="0" timestamp="2026-01-21T19:53:38 IST" skipped="0">
  <testcase classname="org.automation.qa.LoginTest" name="EDT004_SpecialCharacter" time="8.990"/>
  <testcase classname="org.automation.qa.LoginTest" name="EDT005_LongCharacter" time="6.824"/>
  <testcase classname="org.automation.qa.LoginTest" name="ST_SQLInjection" time="8.107"/>
  <testcase classname="org.automation.qa.LoginTest" name="FT002_Invalid_Credentials" time="6.458"/>
  <testcase classname="org.automation.qa.LoginTest" name="FT001_Valid_Credentials" time="7.366"/>
  <testcase classname="org.automation.qa.LoginTest" name="ST_CSS_XSScripting" time="5.924"/>
  <testcase classname="org.automation.qa.LoginTest" name="ST_HTTPSEnforcement" time="6.998"/>
  <testcase classname="org.automation.qa.LoginTest" name="EDT003_BlankFeilds" time="5.847"/>
</testsuite> <!-- org.automation.qa.LoginTest -->
